<?xml version="1.0" encoding="UTF-8"?>
<testsuites name="Aplikasi PELINDO" time="19.886" tests="6" failures="0" errors="0">
   <testsuite name="Aplikasi PELINDO" tests="6" failures="0" errors="0" time="19.886" skipped="0" timestamp="25-03-2024T10:51:34" hostname="Romy Kautsar - 10.1.9.21" id="Test Suites/Aplikasi PELINDO">
      <properties>
         <property name="deviceName" value=""/>
         <property name="devicePlatform" value=""/>
         <property name="logFolder" value="C:\\Users\\Romy Kautsar\\git\\KatalonIBS\\Reports\\20240325_105127\\Aplikasi PELINDO\\20240325_105128"/>
         <property name="logFiles" value="C:\\Users\\Romy Kautsar\\git\\KatalonIBS\\Reports\\20240325_105127\\Aplikasi PELINDO\\20240325_105128\\execution0.log"/>
         <property name="attachments" value="C:\\Users\\Romy Kautsar\\git\\KatalonIBS\\Reports\\20240325_105127\\Aplikasi PELINDO\\20240325_105128\\1711338712178.png"/>
         <property name="hostName" value="Romy Kautsar - 10.1.9.21"/>
         <property name="os" value="Windows 11 64bit"/>
         <property name="katalonVersion" value="9.3.2.212"/>
         <property name="browser" value="Chrome 123.0.0.0"/>
         <property name="hostAddress" value="10.1.9.21"/>
         <property name="sessionId" value="35edb8cb2f2938df82a4895e77718e77"/>
         <property name="seleniumVersion" value="3.141.59"/>
         <property name="proxyInformation" value="ProxyInformation { proxyOption=NO_PROXY, proxyServerType=HTTP, username=, password=********, proxyServerAddress=, proxyServerPort=0, executionList=&quot;&quot;, isApplyToDesiredCapabilities=true }"/>
         <property name="platform" value="Windows 11"/>
      </properties>
      <testcase name="Test Cases/API IBS Unicorn" time="1.903" classname="Test Cases/API IBS Unicorn" status="PASSED">
         <system-out><![CDATA[25-03-2024T10:51:34 - [TEST_CASE][PASSED] - Test Cases/API IBS Unicorn: Test Cases/API IBS Unicorn

25-03-2024T10:51:34 - [TEST_STEP][PASSED] - response = sendRequest(findTestObject("IBS Unicorn")): Send request successfully

25-03-2024T10:51:36 - [MESSAGE][INFO] - HAR: C:\Users\Romy Kautsar\git\KatalonIBS\Reports\20240325_105127\Aplikasi PELINDO\20240325_105128\requests\main\0.har

25-03-2024T10:51:36 - [MESSAGE][PASSED] - Send request successfully

25-03-2024T10:51:36 - [TEST_STEP][PASSED] - verifyResponseStatusCode(response, 200): Verify response status code successfully

25-03-2024T10:51:36 - [MESSAGE][PASSED] - Verify response status code successfully]]></system-out>
         <system-err><![CDATA[]]></system-err>
      </testcase>
      <testcase name="Test Cases/API IBS X" time="0.36" classname="Test Cases/API IBS X" status="PASSED">
         <system-out><![CDATA[25-03-2024T10:51:36 - [TEST_CASE][PASSED] - Test Cases/API IBS X: Test Cases/API IBS X

25-03-2024T10:51:36 - [TEST_STEP][PASSED] - response = sendRequest(findTestObject("IBS X API")): Send request successfully

25-03-2024T10:51:36 - [MESSAGE][INFO] - HAR: C:\Users\Romy Kautsar\git\KatalonIBS\Reports\20240325_105127\Aplikasi PELINDO\20240325_105128\requests\main\1.har

25-03-2024T10:51:36 - [MESSAGE][PASSED] - Send request successfully

25-03-2024T10:51:36 - [TEST_STEP][PASSED] - verifyResponseStatusCode(response, 200): Verify response status code successfully

25-03-2024T10:51:36 - [MESSAGE][PASSED] - Verify response status code successfully]]></system-out>
         <system-err><![CDATA[]]></system-err>
      </testcase>
      <testcase name="Test Cases/API Nota sudah lunas" time="0.244" classname="Test Cases/API Nota sudah lunas" status="PASSED">
         <system-out><![CDATA[25-03-2024T10:51:36 - [TEST_CASE][PASSED] - Test Cases/API Nota sudah lunas: Test Cases/API Nota sudah lunas

25-03-2024T10:51:36 - [TEST_STEP][PASSED] - response = sendRequest(findTestObject("IBS X API")): Send request successfully

25-03-2024T10:51:36 - [MESSAGE][INFO] - HAR: C:\Users\Romy Kautsar\git\KatalonIBS\Reports\20240325_105127\Aplikasi PELINDO\20240325_105128\requests\main\2.har

25-03-2024T10:51:36 - [MESSAGE][PASSED] - Send request successfully

25-03-2024T10:51:36 - [TEST_STEP][PASSED] - verifyResponseStatusCode(response, 200): Verify response status code successfully

25-03-2024T10:51:36 - [MESSAGE][PASSED] - Verify response status code successfully]]></system-out>
         <system-err><![CDATA[]]></system-err>
      </testcase>
      <testcase name="Test Cases/P-EPROC Landing page" time="1.227" classname="Test Cases/P-EPROC Landing page" status="PASSED">
         <system-out><![CDATA[25-03-2024T10:51:36 - [TEST_CASE][PASSED] - Test Cases/P-EPROC Landing page: Test Cases/P-EPROC Landing page

25-03-2024T10:51:36 - [TEST_STEP][PASSED] - response = sendRequest(findTestObject("P-EPROC Landing page")): Send request successfully

25-03-2024T10:51:38 - [MESSAGE][INFO] - HAR: C:\Users\Romy Kautsar\git\KatalonIBS\Reports\20240325_105127\Aplikasi PELINDO\20240325_105128\requests\main\3.har

25-03-2024T10:51:38 - [MESSAGE][PASSED] - Send request successfully

25-03-2024T10:51:38 - [TEST_STEP][PASSED] - verifyResponseStatusCode(response, 200): Verify response status code successfully

25-03-2024T10:51:38 - [MESSAGE][PASSED] - Verify response status code successfully]]></system-out>
         <system-err><![CDATA[]]></system-err>
      </testcase>
      <testcase name="Test Cases/PEO Landing Page" time="0.709" classname="Test Cases/PEO Landing Page" status="PASSED">
         <system-out><![CDATA[25-03-2024T10:51:38 - [TEST_CASE][PASSED] - Test Cases/PEO Landing Page: Test Cases/PEO Landing Page

25-03-2024T10:51:38 - [TEST_STEP][PASSED] - response = sendRequest(findTestObject("PEO Landing Page")): Send request successfully

25-03-2024T10:51:38 - [MESSAGE][INFO] - HAR: C:\Users\Romy Kautsar\git\KatalonIBS\Reports\20240325_105127\Aplikasi PELINDO\20240325_105128\requests\main\4.har

25-03-2024T10:51:38 - [MESSAGE][PASSED] - Send request successfully

25-03-2024T10:51:38 - [TEST_STEP][PASSED] - verifyResponseStatusCode(response, 200): Verify response status code successfully

25-03-2024T10:51:38 - [MESSAGE][PASSED] - Verify response status code successfully]]></system-out>
         <system-err><![CDATA[]]></system-err>
      </testcase>
      <testcase name="Test Cases/Log in PEO" time="15.254" classname="Test Cases/Log in PEO" status="PASSED">
         <system-out><![CDATA[25-03-2024T10:51:38 - [TEST_CASE][PASSED] - Test Cases/Log in PEO: Test Cases/Log in PEO

25-03-2024T10:51:38 - [TEST_STEP][PASSED] - openBrowser("https://peo.pelindo.co.id/"): Browser is opened with url: 'https://peo.pelindo.co.id/'

25-03-2024T10:51:39 - [MESSAGE][INFO] - Starting 'Chrome' driver

25-03-2024T10:51:39 - [MESSAGE][INFO] - Action delay is set to 0 milliseconds

25-03-2024T10:51:41 - [MESSAGE][PASSED] - Browser is opened with url: 'https://peo.pelindo.co.id/'

25-03-2024T10:51:41 - [TEST_STEP][PASSED] - maximizeWindow(): Current window maximized

25-03-2024T10:51:41 - [MESSAGE][PASSED] - Current window maximized

25-03-2024T10:51:41 - [TEST_STEP][PASSED] - verifyElementPresent(findTestObject("Page_PELINDO E-OFFICE  PT PELABUHAN INDONESIA (PERSERO)/Form Login"), 0): Object 'Object Repository/Page_PELINDO E-OFFICE  PT PELABUHAN INDONESIA (PERSERO)/Form Login' is present

25-03-2024T10:51:41 - [MESSAGE][WARNING] - Timeout '0' is invalid. Using default page load timeout: '30'

25-03-2024T10:51:42 - [MESSAGE][PASSED] - Object 'Object Repository/Page_PELINDO E-OFFICE  PT PELABUHAN INDONESIA (PERSERO)/Form Login' is present

25-03-2024T10:51:42 - [TEST_STEP][PASSED] - verifyElementPresent(findTestObject("Page_PELINDO E-OFFICE  PT PELABUHAN INDONESIA (PERSERO)/input_Show password_user_email"), 0): Object 'Object Repository/Page_PELINDO E-OFFICE  PT PELABUHAN INDONESIA (PERSERO)/input_Show password_user_email' is present

25-03-2024T10:51:42 - [MESSAGE][WARNING] - Timeout '0' is invalid. Using default page load timeout: '30'

25-03-2024T10:51:42 - [MESSAGE][PASSED] - Object 'Object Repository/Page_PELINDO E-OFFICE  PT PELABUHAN INDONESIA (PERSERO)/input_Show password_user_email' is present

25-03-2024T10:51:42 - [TEST_STEP][PASSED] - setText(findTestObject("Page_PELINDO E-OFFICE  PT PELABUHAN INDONESIA (PERSERO)/input_Show password_user_email"), "208707004"): Text '208707004' is set on object 'Object Repository/Page_PELINDO E-OFFICE  PT PELABUHAN INDONESIA (PERSERO)/input_Show password_user_email'

25-03-2024T10:51:43 - [MESSAGE][PASSED] - Text '208707004' is set on object 'Object Repository/Page_PELINDO E-OFFICE  PT PELABUHAN INDONESIA (PERSERO)/input_Show password_user_email'

25-03-2024T10:51:43 - [TEST_STEP][PASSED] - verifyElementPresent(findTestObject("Page_PELINDO E-OFFICE  PT PELABUHAN INDONESIA (PERSERO)/input_Show password_password"), 0): Object 'Object Repository/Page_PELINDO E-OFFICE  PT PELABUHAN INDONESIA (PERSERO)/input_Show password_password' is present

25-03-2024T10:51:43 - [MESSAGE][WARNING] - Timeout '0' is invalid. Using default page load timeout: '30'

25-03-2024T10:51:43 - [MESSAGE][PASSED] - Object 'Object Repository/Page_PELINDO E-OFFICE  PT PELABUHAN INDONESIA (PERSERO)/input_Show password_password' is present

25-03-2024T10:51:43 - [TEST_STEP][PASSED] - setEncryptedText(findTestObject("Page_PELINDO E-OFFICE  PT PELABUHAN INDONESIA (PERSERO)/input_Show password_password"), "2NsZvP3Lf6Vl0tILlyPy0A=="): Text ****** has been set on object 'Object Repository/Page_PELINDO E-OFFICE  PT PELABUHAN INDONESIA (PERSERO)/input_Show password_password'

25-03-2024T10:51:43 - [MESSAGE][PASSED] - Text ****** has been set on object 'Object Repository/Page_PELINDO E-OFFICE  PT PELABUHAN INDONESIA (PERSERO)/input_Show password_password'

25-03-2024T10:51:43 - [TEST_STEP][PASSED] - verifyElementPresent(findTestObject("Page_PELINDO E-OFFICE  PT PELABUHAN INDONESIA (PERSERO)/button_Sign In"), 0): Object 'Object Repository/Page_PELINDO E-OFFICE  PT PELABUHAN INDONESIA (PERSERO)/button_Sign In' is present

25-03-2024T10:51:43 - [MESSAGE][WARNING] - Timeout '0' is invalid. Using default page load timeout: '30'

25-03-2024T10:51:44 - [MESSAGE][PASSED] - Object 'Object Repository/Page_PELINDO E-OFFICE  PT PELABUHAN INDONESIA (PERSERO)/button_Sign In' is present

25-03-2024T10:51:44 - [TEST_STEP][PASSED] - click(findTestObject("Page_PELINDO E-OFFICE  PT PELABUHAN INDONESIA (PERSERO)/button_Sign In")): Object: 'Object Repository/Page_PELINDO E-OFFICE  PT PELABUHAN INDONESIA (PERSERO)/button_Sign In' is clicked on

25-03-2024T10:51:44 - [MESSAGE][PASSED] - Object: 'Object Repository/Page_PELINDO E-OFFICE  PT PELABUHAN INDONESIA (PERSERO)/button_Sign In' is clicked on

25-03-2024T10:51:44 - [TEST_STEP][PASSED] - delay(3): Delayed 3 second(s)

25-03-2024T10:51:47 - [MESSAGE][PASSED] - Delayed 3 second(s)

25-03-2024T10:51:47 - [TEST_STEP][PASSED] - verifyElementPresent(findTestObject("Page_PELINDO E-OFFICE  PT PELABUHAN INDONESIA (PERSERO)/img_Tutup Poster_gambar"), 0): Object 'Object Repository/Page_PELINDO E-OFFICE  PT PELABUHAN INDONESIA (PERSERO)/img_Tutup Poster_gambar' is present

25-03-2024T10:51:47 - [MESSAGE][WARNING] - Timeout '0' is invalid. Using default page load timeout: '30'

25-03-2024T10:51:51 - [MESSAGE][PASSED] - Object 'Object Repository/Page_PELINDO E-OFFICE  PT PELABUHAN INDONESIA (PERSERO)/img_Tutup Poster_gambar' is present

25-03-2024T10:51:51 - [TEST_STEP][PASSED] - takeScreenshot(null): Taking screenshot successfully

25-03-2024T10:51:54 - [MESSAGE][PASSED] - Taking screenshot successfully
[[ATTACHMENT|C:\\Users\\Romy Kautsar\\git\\KatalonIBS\\Reports\\20240325_105127\\Aplikasi PELINDO\\20240325_105128\\1711338712178.png]]]]></system-out>
         <system-err><![CDATA[]]></system-err>
      </testcase>
      <system-out><![CDATA[25-03-2024T10:51:34 - [TEST_SUITE][PASSED] - Aplikasi PELINDO: Test Cases/Log in PEO]]></system-out>
      <system-err><![CDATA[]]></system-err>
   </testsuite>
</testsuites>
